This is pdfTeX, Version 3.141592-1.40.4 (MiKTeX 2.7 Beta 3) (preloaded format=pdflatex 2007.9.26)  15 JAN 2008 18:44
entering extended mode
**C:/home/projects/bs/text/bs.tex
(C:/home/projects/bs/text/bs.tex
LaTeX2e <2005/12/01>
Babel <v3.8g> and hyphenation patterns for english, dumylang, nohyphenation, ge
rman, ngerman, french, hungarian, loaded.
(C:\install\MiKTeX273\tex\latex\base\article.cls
Document Class: article 2005/09/16 v1.4f Standard LaTeX document class
(C:\install\MiKTeX273\tex\latex\base\size12.clo
File: size12.clo 2005/09/16 v1.4f Standard LaTeX file (size option)
)
\c@part=\count79
\c@section=\count80
\c@subsection=\count81
\c@subsubsection=\count82
\c@paragraph=\count83
\c@subparagraph=\count84
\c@figure=\count85
\c@table=\count86
\abovecaptionskip=\skip41
\belowcaptionskip=\skip42
\bibindent=\dimen102
)
(C:\install\MiKTeX273\tex\latex\amsmath\amsmath.sty
Package: amsmath 2000/07/18 v2.13 AMS math features
\@mathmargin=\skip43

For additional information on amsmath, use the `?' option.
(C:\install\MiKTeX273\tex\latex\amsmath\amstext.sty
Package: amstext 2000/06/29 v2.01

(C:\install\MiKTeX273\tex\latex\amsmath\amsgen.sty
File: amsgen.sty 1999/11/30 v2.0
\@emptytoks=\toks14
\ex@=\dimen103
))
(C:\install\MiKTeX273\tex\latex\amsmath\amsbsy.sty
Package: amsbsy 1999/11/29 v1.2d
\pmbraise@=\dimen104
)
(C:\install\MiKTeX273\tex\latex\amsmath\amsopn.sty
Package: amsopn 1999/12/14 v2.01 operator names
)
\inf@bad=\count87
LaTeX Info: Redefining \frac on input line 211.
\uproot@=\count88
\leftroot@=\count89
LaTeX Info: Redefining \overline on input line 307.
\classnum@=\count90
\DOTSCASE@=\count91
LaTeX Info: Redefining \ldots on input line 379.
LaTeX Info: Redefining \dots on input line 382.
LaTeX Info: Redefining \cdots on input line 467.
\Mathstrutbox@=\box26
\strutbox@=\box27
\big@size=\dimen105
LaTeX Font Info:    Redeclaring font encoding OML on input line 567.
LaTeX Font Info:    Redeclaring font encoding OMS on input line 568.
\macc@depth=\count92
\c@MaxMatrixCols=\count93
\dotsspace@=\muskip10
\c@parentequation=\count94
\dspbrk@lvl=\count95
\tag@help=\toks15
\row@=\count96
\column@=\count97
\maxfields@=\count98
\andhelp@=\toks16
\eqnshift@=\dimen106
\alignsep@=\dimen107
\tagshift@=\dimen108
\tagwidth@=\dimen109
\totwidth@=\dimen110
\lineht@=\dimen111
\@envbody=\toks17
\multlinegap=\skip44
\multlinetaggap=\skip45
\mathdisplay@stack=\toks18
LaTeX Info: Redefining \[ on input line 2666.
LaTeX Info: Redefining \] on input line 2667.
)
(C:\install\MiKTeX273\tex\latex\amscls\amsthm.sty
Package: amsthm 2004/08/06 v2.20
\thm@style=\toks19
\thm@bodyfont=\toks20
\thm@headfont=\toks21
\thm@notefont=\toks22
\thm@headpunct=\toks23
\thm@preskip=\skip46
\thm@postskip=\skip47
\thm@headsep=\skip48
\dth@everypar=\toks24
)
(C:\install\MiKTeX273\tex\latex\base\inputenc.sty
Package: inputenc 2006/05/05 v1.1b Input encoding file
\inpenc@prehook=\toks25
\inpenc@posthook=\toks26

(C:\install\MiKTeX273\tex\latex\base\latin1.def
File: latin1.def 2006/05/05 v1.1b Input encoding file
))
(C:\install\MiKTeX273\tex\latex\base\fontenc.sty
Package: fontenc 2005/09/27 v1.99g Standard LaTeX package

(C:\install\MiKTeX273\tex\latex\base\t1enc.def
File: t1enc.def 2005/09/27 v1.99g Standard LaTeX file
LaTeX Font Info:    Redeclaring font encoding T1 on input line 43.
))
("C:\Documents and Settings\mkoren\Local Settings\Application Data\MiKTeX\2.7\t
ex\latex\MinionPro\minionpro.sty"

LaTeX Warning: You have requested package `minionpro',
               but the package provides `MinionPro'.

Package: MinionPro 2007/03/15 v2.1 MinionPro support for LaTeX

("C:\Documents and Settings\mkoren\Local Settings\Application Data\MiKTeX\2.7\t
ex\latex\MinionPro\MinionPro-FontDef.sty"
File: MinionPro-FontDef.sty 2007/02/01 v2.2 font definition macros

("C:\Documents and Settings\mkoren\Local Settings\Application Data\MiKTeX\2.7\t
ex\latex\MinionPro\otfontdef.sty"
Package: otfontdef 2005/06/04 v0.1e OpenType font definition

(C:\install\MiKTeX273\tex\latex\graphics\keyval.sty
Package: keyval 1999/03/16 v1.13 key=value parser (DPC)
\KV@toks@=\toks27
))
\Mn@option@normalsize=\dimen112
Package MinionPro-FontDef Info: Configuration: smallfamily, noopticals, normals
ize=12.0pt on input line 52.
\Mn@config@cnt=\count99
\Mn@fontdimen=\dimen113
)
(C:\install\MiKTeX273\tex\latex\base\textcomp.sty
Package: textcomp 2005/09/27 v1.99g Standard LaTeX package
Package textcomp Info: Sub-encoding information:
(textcomp)               5 = only ISO-Adobe without \textcurrency
(textcomp)               4 = 5 + \texteuro
(textcomp)               3 = 4 + \textohm
(textcomp)               2 = 3 + \textestimated + \textcurrency
(textcomp)               1 = TS1 - \textcircled - \t
(textcomp)               0 = TS1 (full)
(textcomp)             Font families with sub-encoding setting implement
(textcomp)             only a restricted character set as indicated.
(textcomp)             Family '?' is the default used for unknown fonts.
(textcomp)             See the documentation for details.
Package textcomp Info: Setting ? sub-encoding to TS1/1 on input line 71.

(C:\install\MiKTeX273\tex\latex\base\ts1enc.def
File: ts1enc.def 2001/06/05 v3.0e (jk/car/fm) Standard LaTeX file
)
LaTeX Info: Redefining \oldstylenums on input line 266.
Package textcomp Info: Setting cmr sub-encoding to TS1/0 on input line 281.
Package textcomp Info: Setting cmss sub-encoding to TS1/0 on input line 282.
Package textcomp Info: Setting cmtt sub-encoding to TS1/0 on input line 283.
Package textcomp Info: Setting cmvtt sub-encoding to TS1/0 on input line 284.
Package textcomp Info: Setting cmbr sub-encoding to TS1/0 on input line 285.
Package textcomp Info: Setting cmtl sub-encoding to TS1/0 on input line 286.
Package textcomp Info: Setting ccr sub-encoding to TS1/0 on input line 287.
Package textcomp Info: Setting ptm sub-encoding to TS1/4 on input line 288.
Package textcomp Info: Setting pcr sub-encoding to TS1/4 on input line 289.
Package textcomp Info: Setting phv sub-encoding to TS1/4 on input line 290.
Package textcomp Info: Setting ppl sub-encoding to TS1/3 on input line 291.
Package textcomp Info: Setting pag sub-encoding to TS1/4 on input line 292.
Package textcomp Info: Setting pbk sub-encoding to TS1/4 on input line 293.
Package textcomp Info: Setting pnc sub-encoding to TS1/4 on input line 294.
Package textcomp Info: Setting pzc sub-encoding to TS1/4 on input line 295.
Package textcomp Info: Setting bch sub-encoding to TS1/4 on input line 296.
Package textcomp Info: Setting put sub-encoding to TS1/5 on input line 297.
Package textcomp Info: Setting uag sub-encoding to TS1/5 on input line 298.
Package textcomp Info: Setting ugq sub-encoding to TS1/5 on input line 299.
Package textcomp Info: Setting ul8 sub-encoding to TS1/4 on input line 300.
Package textcomp Info: Setting ul9 sub-encoding to TS1/4 on input line 301.
Package textcomp Info: Setting augie sub-encoding to TS1/5 on input line 302.
Package textcomp Info: Setting dayrom sub-encoding to TS1/3 on input line 303.
Package textcomp Info: Setting dayroms sub-encoding to TS1/3 on input line 304.

Package textcomp Info: Setting pxr sub-encoding to TS1/0 on input line 305.
Package textcomp Info: Setting pxss sub-encoding to TS1/0 on input line 306.
Package textcomp Info: Setting pxtt sub-encoding to TS1/0 on input line 307.
Package textcomp Info: Setting txr sub-encoding to TS1/0 on input line 308.
Package textcomp Info: Setting txss sub-encoding to TS1/0 on input line 309.
Package textcomp Info: Setting txtt sub-encoding to TS1/0 on input line 310.
Package textcomp Info: Setting futs sub-encoding to TS1/4 on input line 311.
Package textcomp Info: Setting futx sub-encoding to TS1/4 on input line 312.
Package textcomp Info: Setting futj sub-encoding to TS1/4 on input line 313.
Package textcomp Info: Setting hlh sub-encoding to TS1/3 on input line 314.
Package textcomp Info: Setting hls sub-encoding to TS1/3 on input line 315.
Package textcomp Info: Setting hlst sub-encoding to TS1/3 on input line 316.
Package textcomp Info: Setting hlct sub-encoding to TS1/5 on input line 317.
Package textcomp Info: Setting hlx sub-encoding to TS1/5 on input line 318.
Package textcomp Info: Setting hlce sub-encoding to TS1/5 on input line 319.
Package textcomp Info: Setting hlcn sub-encoding to TS1/5 on input line 320.
Package textcomp Info: Setting hlcw sub-encoding to TS1/5 on input line 321.
Package textcomp Info: Setting hlcf sub-encoding to TS1/5 on input line 322.
Package textcomp Info: Setting pplx sub-encoding to TS1/3 on input line 323.
Package textcomp Info: Setting pplj sub-encoding to TS1/3 on input line 324.
Package textcomp Info: Setting ptmx sub-encoding to TS1/4 on input line 325.
Package textcomp Info: Setting ptmj sub-encoding to TS1/4 on input line 326.
)
("C:\Documents and Settings\mkoren\Local Settings\Application Data\MiKTeX\2.7\t
ex\latex\MnSymbol\MnSymbol.sty"
Package: MnSymbol 2007/01/21 v1.4 support for the MnSymbol font

(C:\install\MiKTeX273\tex\latex\amsfonts\eufrak.sty
Package: eufrak 2001/10/01 v2.2e Euler Fraktur fonts
LaTeX Font Info:    Overwriting math alphabet `\EuFrak' in version `bold'
(Font)                  U/euf/m/n --> U/euf/b/n on input line 61.
)
LaTeX Info: Redefining \dagger on input line 84.
LaTeX Info: Redefining \ddagger on input line 84.
LaTeX Info: Redefining \mathparagraph on input line 84.
LaTeX Info: Redefining \mathsection on input line 84.
LaTeX Info: Redefining \mathdollar on input line 84.
LaTeX Info: Redefining \mathsterling on input line 84.
LaTeX Info: Redefining \Re on input line 84.
LaTeX Info: Redefining \Im on input line 84.
\symMnSyA=\mathgroup4
\symMnSyB=\mathgroup5
\symMnSyC=\mathgroup6
\symMnSyD=\mathgroup7
LaTeX Font Info:    Redeclaring symbol font `largesymbols' on input line 119.
LaTeX Font Info:    Overwriting symbol font `largesymbols' in version `normal'
(Font)                  OMX/cmex/m/n --> OMX/MnSymbolE/m/n on input line 119.
LaTeX Font Info:    Overwriting symbol font `largesymbols' in version `bold'
(Font)                  OMX/cmex/m/n --> OMX/MnSymbolE/m/n on input line 119.
LaTeX Font Info:    Redeclaring symbol font `symbols' on input line 120.


LaTeX Font Warning: Encoding `OMS' has changed to `U' for symbol font
(Font)              `symbols' in the math version `normal' on input line 120.

LaTeX Font Info:    Overwriting symbol font `symbols' in version `normal'
(Font)                  OMS/cmsy/m/n --> U/MnSymbolF/m/n on input line 120.

LaTeX Font Warning: Encoding `OMS' has changed to `U' for symbol font
(Font)              `symbols' in the math version `bold' on input line 120.

LaTeX Font Info:    Overwriting symbol font `symbols' in version `bold'
(Font)                  OMS/cmsy/b/n --> U/MnSymbolF/m/n on input line 120.
LaTeX Font Info:    Overwriting symbol font `MnSyA' in version `bold'
(Font)                  U/MnSymbolA/m/n --> U/MnSymbolA/b/n on input line 121.
LaTeX Font Info:    Overwriting symbol font `MnSyB' in version `bold'
(Font)                  U/MnSymbolB/m/n --> U/MnSymbolB/b/n on input line 122.
LaTeX Font Info:    Overwriting symbol font `MnSyC' in version `bold'
(Font)                  U/MnSymbolC/m/n --> U/MnSymbolC/b/n on input line 123.
LaTeX Font Info:    Overwriting symbol font `MnSyD' in version `bold'
(Font)                  U/MnSymbolD/m/n --> U/MnSymbolD/b/n on input line 124.
LaTeX Font Info:    Overwriting symbol font `largesymbols' in version `bold'
(Font)                  OMX/MnSymbolE/m/n --> OMX/MnSymbolE/b/n on input line 1
25.
LaTeX Font Info:    Overwriting symbol font `symbols' in version `bold'
(Font)                  U/MnSymbolF/m/n --> U/MnSymbolF/b/n on input line 126.
LaTeX Font Info:    Redeclaring math alphabet \mathcal on input line 241.
LaTeX Font Info:    Overwriting math alphabet `\mathcal' in version `bold'
(Font)                  OMS/MnSymbolS/m/n --> OMS/MnSymbolS/b/n on input line 2
41.
LaTeX Info: Redefining \longrightarrow on input line 548.
LaTeX Info: Redefining \longleftarrow on input line 549.
LaTeX Info: Redefining \longleftrightarrow on input line 550.
LaTeX Info: Redefining \Longrightarrow on input line 551.
LaTeX Info: Redefining \Longleftarrow on input line 552.
LaTeX Info: Redefining \Longleftrightarrow on input line 553.
LaTeX Info: Redefining \longmapsto on input line 554.
LaTeX Info: Redefining \vdots on input line 868.
LaTeX Font Info:    Redeclaring math symbol \braceld on input line 1721.
LaTeX Font Info:    Redeclaring math symbol \bracelu on input line 1722.
LaTeX Font Info:    Redeclaring math symbol \bracerd on input line 1723.
LaTeX Font Info:    Redeclaring math symbol \braceru on input line 1724.
LaTeX Info: Redefining \downbracefill on input line 1799.
LaTeX Info: Redefining \upbracefill on input line 1800.
LaTeX Info: Redefining \overbrace on input line 1819.
LaTeX Info: Redefining \underbrace on input line 1820.
LaTeX Info: Redefining \surd on input line 1843.
LaTeX Font Info:    Redeclaring math accent \widehat on input line 1845.
LaTeX Font Info:    Redeclaring math accent \widetilde on input line 1846.
LaTeX Font Info:    Redeclaring math accent \vec on input line 1848.
)
LaTeX Font Info:    Redeclaring symbol font `operators' on input line 163.


LaTeX Font Warning: Encoding `OT1' has changed to `T1' for symbol font
(Font)              `operators' in the math version `normal' on input line 163.


LaTeX Font Info:    Overwriting symbol font `operators' in version `normal'
(Font)                  OT1/cmr/m/n --> T1/MinionPro-OsF/m/n on input line 163.


LaTeX Font Warning: Encoding `OT1' has changed to `T1' for symbol font
(Font)              `operators' in the math version `bold' on input line 163.

LaTeX Font Info:    Overwriting symbol font `operators' in version `bold'
(Font)                  OT1/cmr/bx/n --> T1/MinionPro-OsF/m/n on input line 163
.
LaTeX Font Info:    Redeclaring symbol font `letters' on input line 164.
LaTeX Font Info:    Overwriting symbol font `letters' in version `normal'
(Font)                  OML/cmm/m/it --> OML/MinionPro-TOsF/m/it on input line 
164.
LaTeX Font Info:    Overwriting symbol font `letters' in version `bold'
(Font)                  OML/cmm/b/it --> OML/MinionPro-TOsF/m/it on input line 
164.
LaTeX Font Info:    Overwriting symbol font `operators' in version `bold'
(Font)                  T1/MinionPro-OsF/m/n --> T1/MinionPro-OsF/eb/n on input
 line 165.
LaTeX Font Info:    Overwriting symbol font `letters' in version `bold'
(Font)                  OML/MinionPro-TOsF/m/it --> OML/MinionPro-TOsF/eb/it on
 input line 166.
LaTeX Font Info:    Redeclaring math alphabet \mathbf on input line 167.
LaTeX Font Info:    Overwriting math alphabet `\mathbf' in version `normal'
(Font)                  OT1/cmr/bx/n --> T1/MinionPro-OsF/eb/n on input line 16
7.
LaTeX Font Info:    Overwriting math alphabet `\mathbf' in version `bold'
(Font)                  OT1/cmr/bx/n --> T1/MinionPro-OsF/eb/n on input line 16
7.
LaTeX Font Info:    Redeclaring math alphabet \mathit on input line 168.
LaTeX Font Info:    Overwriting math alphabet `\mathit' in version `normal'
(Font)                  OT1/cmr/m/it --> T1/MinionPro-OsF/m/it on input line 16
8.
LaTeX Font Info:    Overwriting math alphabet `\mathit' in version `bold'
(Font)                  OT1/cmr/bx/it --> T1/MinionPro-OsF/m/it on input line 1
68.
LaTeX Font Info:    Overwriting math alphabet `\mathit' in version `bold'
(Font)                  T1/MinionPro-OsF/m/it --> T1/MinionPro-OsF/eb/it on inp
ut line 169.
\c@mv@tabular=\count100
LaTeX Font Info:    Overwriting symbol font `operators' in version `tabular'
(Font)                  T1/MinionPro-OsF/m/n --> T1/MinionPro-TOsF/m/n on input
 line 171.
LaTeX Font Info:    Overwriting symbol font `letters' in version `tabular'
(Font)                  OML/MinionPro-TOsF/m/it --> OML/MinionPro-TOsF/m/it on 
input line 172.
LaTeX Font Info:    Overwriting math alphabet `\mathit' in version `tabular'
(Font)                  OT1/cmr/m/it --> T1/MinionPro-TOsF/m/it on input line 1
73.
\c@mv@boldtabular=\count101
LaTeX Font Info:    Overwriting symbol font `operators' in version `boldtabular
'
(Font)                  T1/MinionPro-OsF/m/n --> T1/MinionPro-TOsF/eb/n on inpu
t line 176.
LaTeX Font Info:    Overwriting symbol font `letters' in version `boldtabular'
(Font)                  OML/MinionPro-TOsF/m/it --> OML/MinionPro-TOsF/eb/it on
 input line 177.
LaTeX Font Info:    Overwriting math alphabet `\mathit' in version `boldtabular
'
(Font)                  OT1/cmr/m/it --> T1/MinionPro-TOsF/eb/it on input line 
178.
LaTeX Font Info:    Redeclaring math accent \grave on input line 179.
LaTeX Font Info:    Redeclaring math accent \acute on input line 180.
LaTeX Font Info:    Redeclaring math accent \hat on input line 181.
LaTeX Font Info:    Redeclaring math accent \tilde on input line 182.
LaTeX Font Info:    Redeclaring math accent \ddot on input line 183.
LaTeX Font Info:    Redeclaring math accent \mathring on input line 184.
LaTeX Font Info:    Redeclaring math accent \check on input line 185.
LaTeX Font Info:    Redeclaring math accent \breve on input line 186.
LaTeX Font Info:    Redeclaring math accent \bar on input line 187.
LaTeX Font Info:    Redeclaring math accent \dot on input line 188.

("C:\Documents and Settings\mkoren\Local Settings\Application Data\MiKTeX\2.7\t
ex\latex\MinionPro\fontaxes.sty"
Package: fontaxes 2007/03/31 v0.2b Font selection axes
LaTeX Info: Redefining \upshape on input line 26.
LaTeX Info: Redefining \itshape on input line 28.
LaTeX Info: Redefining \slshape on input line 30.
LaTeX Info: Redefining \scshape on input line 34.
)
LaTeX Font Info:    Redeclaring math symbol \partial on input line 499.
LaTeX Font Info:    Redeclaring math symbol \ell on input line 501.
Package textcomp Info: Setting MinionPro-LF sub-encoding to TS1/1 on input line
 521.
Package textcomp Info: Setting MinionPro-TLF sub-encoding to TS1/1 on input lin
e 522.
Package textcomp Info: Setting MinionPro-OsF sub-encoding to TS1/1 on input lin
e 523.
Package textcomp Info: Setting MinionPro-TOsF sub-encoding to TS1/1 on input li
ne 524.
LaTeX Info: Redefining \LaTeX on input line 596.
LaTeX Font Info:    Try loading font information for T1+MinionPro-OsF on input 
line 628.

("C:\Documents and Settings\mkoren\Local Settings\Application Data\MiKTeX\2.7\t
ex\latex\MinionPro\t1minionpro-osf.fd"
File: T1MinionPro-OsF.fd 2005/01/23 v2.0 font definitions for T1/MinionPro-OsF.


("C:\Documents and Settings\mkoren\Local Settings\Application Data\MiKTeX\2.7\t
ex\latex\MinionPro\MinionPro-FontDef.sty"
File: MinionPro-FontDef.sty 2007/02/01 v2.2 font definition macros
)))
(C:\install\MiKTeX273\tex\latex\tools\array.sty
Package: array 2005/08/23 v2.4b Tabular extension package (FMi)
\col@sep=\dimen114
\extrarowheight=\dimen115
\NC@list=\toks28
\extratabsurround=\skip49
\backup@length=\skip50
)
(C:\install\MiKTeX273\tex\latex\graphics\graphicx.sty
Package: graphicx 1999/02/16 v1.0f Enhanced LaTeX Graphics (DPC,SPQR)

(C:\install\MiKTeX273\tex\latex\graphics\graphics.sty
Package: graphics 2006/02/20 v1.0o Standard LaTeX Graphics (DPC,SPQR)

(C:\install\MiKTeX273\tex\latex\graphics\trig.sty
Package: trig 1999/03/16 v1.09 sin cos tan (DPC)
)
(C:\install\MiKTeX273\tex\latex\00miktex\graphics.cfg
File: graphics.cfg 2007/01/18 v1.5 graphics configuration of teTeX/TeXLive
)
Package graphics Info: Driver file: pdftex.def on input line 90.

(C:\install\MiKTeX273\tex\latex\graphics\pdftex.def
File: pdftex.def 2007/06/12 v0.04h Graphics/color for pdfTeX
\Gread@gobject=\count102
))
\Gin@req@height=\dimen116
\Gin@req@width=\dimen117
)
\c@definition=\count103
\c@proposition=\count104
\c@moment=\count105
\c@insight=\count106

("C:\Documents and Settings\mkoren\Local Settings\Application Data\MiKTeX\2.7\t
ex\latex\tcilatex.tex") (bs.aux)
LaTeX Font Info:    Checking defaults for OML/cmm/m/it on input line 53.
LaTeX Font Info:    ... okay on input line 53.
LaTeX Font Info:    Checking defaults for T1/cmr/m/n on input line 53.
LaTeX Font Info:    ... okay on input line 53.
LaTeX Font Info:    Checking defaults for OT1/cmr/m/n on input line 53.
LaTeX Font Info:    ... okay on input line 53.
LaTeX Font Info:    Checking defaults for OMS/cmsy/m/n on input line 53.
LaTeX Font Info:    ... okay on input line 53.
LaTeX Font Info:    Checking defaults for OMX/cmex/m/n on input line 53.
LaTeX Font Info:    ... okay on input line 53.
LaTeX Font Info:    Checking defaults for U/cmr/m/n on input line 53.
LaTeX Font Info:    ... okay on input line 53.
LaTeX Font Info:    Checking defaults for TS1/cmr/m/n on input line 53.
LaTeX Font Info:    Try loading font information for TS1+cmr on input line 53.
 (C:\install\MiKTeX273\tex\latex\base\ts1cmr.fd
File: ts1cmr.fd 1999/05/25 v2.5h Standard LaTeX font definitions
)
LaTeX Font Info:    ... okay on input line 53.
 (C:\install\MiKTeX273\tex\context\base\supp-pdf.tex
[Loading MPS to PDF converter (version 2006.09.02).]
\scratchcounter=\count107
\scratchdimen=\dimen118
\scratchbox=\box28
\nofMPsegments=\count108
\nofMParguments=\count109
\MPscratchCnt=\count110
\MPscratchDim=\dimen119
\MPnumerator=\count111
\everyMPtoPDFconversion=\toks29
)
LaTeX Font Info:    Try loading font information for OML+MinionPro-TOsF on inpu
t line 57.

("C:\Documents and Settings\mkoren\Local Settings\Application Data\MiKTeX\2.7\t
ex\latex\MinionPro\omlminionpro-tosf.fd"
File: OMLMinionPro-TOsF.fd 2005/01/23 v2.0 font definitions for OML/MinionPro-T
OsF.

("C:\Documents and Settings\mkoren\Local Settings\Application Data\MiKTeX\2.7\t
ex\latex\MinionPro\MinionPro-FontDef.sty"
File: MinionPro-FontDef.sty 2007/02/01 v2.2 font definition macros
))
LaTeX Font Info:    Try loading font information for TS1+MinionPro-OsF on input
 line 57.

("C:\Documents and Settings\mkoren\Local Settings\Application Data\MiKTeX\2.7\t
ex\latex\MinionPro\ts1minionpro-osf.fd"
File: TS1MinionPro-OsF.fd 2005/01/23 v2.0 font definitions for TS1/MinionPro-Os
F.

("C:\Documents and Settings\mkoren\Local Settings\Application Data\MiKTeX\2.7\t
ex\latex\MinionPro\MinionPro-FontDef.sty"
File: MinionPro-FontDef.sty 2007/02/01 v2.2 font definition macros
))
LaTeX Font Info:    Font shape `T1/MinionPro-OsF/bx/n' in size <10.95> not avai
lable
(Font)              Font shape `T1/MinionPro-OsF/b/n' tried instead on input li
ne 59.
LaTeX Font Info:    Font shape `T1/MinionPro-OsF/bx/n' in size <17.28> not avai
lable
(Font)              Font shape `T1/MinionPro-OsF/b/n' tried instead on input li
ne 63.
LaTeX Font Info:    Font shape `T1/MinionPro-OsF/bx/n' in size <14.4> not avail
able
(Font)              Font shape `T1/MinionPro-OsF/b/n' tried instead on input li
ne 65.
 [1

{C:/Documents and Settings/mkoren/Local Settings/Application Data/MiKTeX/2.7/pd
ftex/config/pdftex.map}] [2]
[3] (bs.aux) ) 
Here is how much of TeX's memory you used:
 5054 strings out of 95335
 73228 string characters out of 1184386
 88409 words of memory out of 1500000
 8139 multiletter control sequences out of 110000
 334264 words of font info for 135 fonts, out of 1200000 for 2000
 14 hyphenation exceptions out of 8191
 37i,14n,66p,1073b,629s stack positions out of 5000i,500n,10000p,200000b,5000s
{C:/Documents and Settings/mkoren/Local Settings/Application Data
/MiKTeX/2.7/fonts/enc/MnSymbolC.enc}{C:/Documents and Settings/mkoren/Local Set
tings/Application Data/MiKTeX/2.7/fonts/enc/MnSymbolE.enc}{C:/Documents and Set
tings/mkoren/Local Settings/Application Data/MiKTeX/2.7/fonts/enc/MnSymbolD.enc
}{C:/Documents and Settings/mkoren/Local Settings/Application Data/MiKTeX/2.7/f
onts/enc/dvips/MinionPro/base-MinionPro-aa.enc}{C:/Documents and Settings/mkore
n/Local Settings/Application Data/MiKTeX/2.7/fonts/enc/dvips/MinionPro/base-Min
ionPro-ab.enc}<C:/Documents and Settings/mkoren/Local Settings/Application Data
/MiKTeX/2.7/fonts/type1/adobe/minionpro/MinionPro-Bold.pfb><C:/Documents and Se
ttings/mkoren/Local Settings/Application Data/MiKTeX/2.7/fonts/type1/adobe/mini
onpro/MinionPro-It.pfb><C:/Documents and Settings/mkoren/Local Settings/Applica
tion Data/MiKTeX/2.7/fonts/type1/adobe/minionpro/MinionPro-Regular.pfb><C:/inst
all/MiKTeX273/fonts/type1/public/mnsymbol/MnSymbol10.pfb><C:/install/MiKTeX273/
fonts/type1/public/mnsymbol/MnSymbol12.pfb><C:/install/MiKTeX273/fonts/type1/pu
blic/mnsymbol/MnSymbol7.pfb>
Output written on bs.pdf (3 pages, 209765 bytes).
PDF statistics:
 49 PDF objects out of 1000 (max. 8388607)
 0 named destinations out of 1000 (max. 131072)
 1 words of extra memory for PDF output out of 10000 (max. 10000000)

