--------------------------------------------------------------------------------------------------------------
      name:  <unnamed>
       log:  /Users/koren/Dropbox/projects/balassa/code/../doc/merge_zips.log
  log type:  text
 opened on:  16 Jun 2012, 12:27:04

. 
. local CBP ~/SparkleShare/County-Business-Patterns

. 
. * read zip-level population
. tempfile zippop

. insheet using `CBP'/population/zcta_county_rel_10.txt
(24 vars, 44410 obs)

. collapse (mean) zpop zhu zarealand, by(zcta5)

. ren zcta5 zip

. replace zarealand = zarealand/1e+6
(33120 real changes made)

. ren zarealand ziparea

. ren zpop pop

. ren zhu homes

. sort zip 

. save `zippop', replace
(note: file /var/folders/7b/svcv81g94n3fm6nrj7ckr15c0000gn/T//S_00149.000001 not found)
file /var/folders/7b/svcv81g94n3fm6nrj7ckr15c0000gn/T//S_00149.000001 saved

. 
. clear

. insheet using `CBP'/2007/zbp07detail.txt
(12 vars, 3340643 obs)

. 
. * drop sector totals, no new info
. drop if naics=="------"
(39652 observations deleted)

. 
. * keep only 2-digit NAICS
. keep if substr(naics,3,4)=="----"
(2874166 observations deleted)

. 
. * estimate employment
. gen emp = n1_4*2.5 + n5_9*7 + n10_19*15 + n20_49*35 + n50_99*75 + n100_249*175 + n250_499*375 + n500_999*750
>  + n1000*2000

. 
. gen sector = real(substr(naics,1,2))

. drop n*

. 
. * fill in all sectors
. reshape wide est emp, i(zip) j(sector)
(note: j = 11 21 22 23 31 42 44 48 51 52 53 54 55 56 61 62 71 72 81 99)

Data                               long   ->   wide
-----------------------------------------------------------------------------
Number of obs.                   426825   ->   39652
Number of variables                   4   ->      41
j variable (20 values)           sector   ->   (dropped)
xij variables:
                                    est   ->   est11 est21 ... est99
                                    emp   ->   emp11 emp21 ... emp99
-----------------------------------------------------------------------------

. reshape long
(note: j = 11 21 22 23 31 42 44 48 51 52 53 54 55 56 61 62 71 72 81 99)

Data                               wide   ->   long
-----------------------------------------------------------------------------
Number of obs.                    39652   ->  793040
Number of variables                  41   ->       4
j variable (20 values)                    ->   sector
xij variables:
                  est11 est21 ... est99   ->   est
                  emp11 emp21 ... emp99   ->   emp
-----------------------------------------------------------------------------

. replace est=0 if missing(est)
(366215 real changes made)

. replace emp=0 if missing(emp)
(366215 real changes made)

. 
. * merge different sectors
. recode sector 11 = 1 21 22 23 31 = 2 * =3
(sector: 793040 changes made)

. collapse (sum) emp est, by(zip sector)

. 
. * merge distances and areas
. csvmerge zip using ../data/census/cbp/zip.csv
(8 vars, 33120 obs)
(note: file /var/folders/7b/svcv81g94n3fm6nrj7ckr15c0000gn/T//S_00149.000002 not found)
file /var/folders/7b/svcv81g94n3fm6nrj7ckr15c0000gn/T//S_00149.000002 saved
(note: you are using old merge syntax; see [D] merge for new syntax)
variable zip does not uniquely identify observations in the master data

. tab _m

     _merge |      Freq.     Percent        Cum.
------------+-----------------------------------
          1 |     21,444       17.93       17.93
          2 |        616        0.52       18.45
          3 |     97,512       81.55      100.00
------------+-----------------------------------
      Total |    119,572      100.00

. tab _m [fw=est]

     _merge |      Freq.     Percent        Cum.
------------+-----------------------------------
          1 |    118,363        1.54        1.54
          3 |  7,586,655       98.46      100.00
------------+-----------------------------------
      Total |  7,705,018      100.00

. * nonmatched zips are only 1.54% of establishments, drop them
. 
. keep if _m==3
(22060 observations deleted)

. drop _m

. 
. * use distance to urban area, not MSA
. ren citydistance distance

. ren city city
  (all newnames==oldnames)

. 
. * area is in m2, convert to km2
. replace area = area/1e+6
(97512 real changes made)

. 
. * merge population data
. merge m:1 zip using `zippop', keep(match)

    Result                           # of obs.
    -----------------------------------------
    not matched                             0
    matched                            97,512  (_merge==3)
    -----------------------------------------

. drop _m

. 
. corr area ziparea
(obs=97512)

             |     area  ziparea
-------------+------------------
        area |   1.0000
     ziparea |   1.0000   1.0000


. 
. 
. * merge naics land and labor shares
. gen laborshare = 0.46

. replace laborshare = 0.67 if sector==2
(32504 real changes made)

. replace laborshare = 0.66 if sector==3
(32504 real changes made)

. 
. gen landshare = 0.18

. replace landshare = 0.03 if sector==2
(32504 real changes made)

. replace landshare = 0.06 if sector==3
(32504 real changes made)

. 
. * calculate densities
. gen emp_density = emp/area

. gen est_density = est/area

. gen lndistance = ln(distance)

. label var lndistance "Distance to city center (log)"

. 
. * split up area between activities
. egen people = sum(emp), by(zip)

. egen landdemand = sum(emp/laborshare*landshare), by(zip)

. * people living or working in this zip code all take up space
. * population has land share 0.3*0.36
. replace landdemand = landdemand+pop*0.3*0.36
(97104 real changes made)

. 
. * allocate area of ZIP to sectors based on their direct need 
. gen share = emp/laborshare*landshare/landdemand

. su share, d

                            share
-------------------------------------------------------------
      Percentiles      Smallest
 1%            0              0
 5%            0              0
10%            0              0       Obs               97512
25%            0              0       Sum of Wgt.       97512

50%     .0133448                      Mean           .0573469
                        Largest       Std. Dev.      .1098541
75%     .0621947              1
90%      .171473              1       Variance       .0120679
95%     .2600081              1       Skewness       3.871924
99%     .5410421              1       Kurtosis       23.65368

. xi: reg share i.sector*lndistance
i.sector          _Isector_1-3        (naturally coded; _Isector_1 omitted)
i.sector*lndi~e   _IsecXlndis_#       (coded as above)

      Source |       SS       df       MS              Number of obs =   97512
-------------+------------------------------           F(  5, 97506) =12883.55
       Model |   468.14554     5   93.629108           Prob > F      =  0.0000
    Residual |  708.609148 97506  .007267339           R-squared     =  0.3978
-------------+------------------------------           Adj R-squared =  0.3978
       Total |  1176.75469 97511  .012067917           Root MSE      =  .08525

-------------------------------------------------------------------------------
        share |      Coef.   Std. Err.      t    P>|t|     [95% Conf. Interval]
--------------+----------------------------------------------------------------
   _Isector_2 |    .032934   .0024071    13.68   0.000     .0282162    .0376519
   _Isector_3 |   .3472585   .0024071   144.27   0.000     .3425407    .3519763
   lndistance |   .0026681   .0004594     5.81   0.000     .0017677    .0035685
_IsecXlndis_2 |  -.0038644   .0006497    -5.95   0.000    -.0051377    -.002591
_IsecXlndis_3 |  -.0590409   .0006497   -90.88   0.000    -.0603142   -.0577675
        _cons |  -.0042501   .0017021    -2.50   0.013    -.0075861   -.0009141
-------------------------------------------------------------------------------

. 
. 
. * area of zip is split across sectors and homeowners
. gen imputed_area = share*area

. gen residential_area = pop*0.3*0.36/landdemand*area

. 
. gen establishment_size = emp/est
(25542 missing values generated)

. gen imputed_density = emp/imputed_area
(25542 missing values generated)

. 
. saveold ../data/zip_business_patterns, replace
file ../data/zip_business_patterns.dta saved

. 
. * calculate total areas
. collapse (sum) emp imputed_area residential_area (mean) landshare laborshare, by(sector)

. egen sumemp = sum(emp)

. gen indirect_land = emp/sumemp*residential_area

. 
. l sector imputed_area indirect_land

     +------------------------------+
     | sector   impute~a   indire~d |
     |------------------------------|
  1. |      1   52906.78   9812.369 |
  2. |      2   158582.2    1144929 |
  3. |      3     882908    5079613 |
     +------------------------------+

. 
. residential_area
unrecognized command:  residential_area
r(199);

end of do-file

r(199);

. do calibrate_sector_locations

. capture log close
