This is pdfTeX, Version 3.14159265-2.6-1.40.19 (TeX Live 2018) (preloaded format=pdflatex 2018.9.3)  25 JAN 2019 15:24
entering extended mode
 restricted \write18 enabled.
 %&-line parsing enabled.
**cattle
(./cattle.tex
LaTeX2e <2018-04-01> patch level 2
Babel <3.18> and hyphenation patterns for 22 language(s) loaded.
(/usr/local/texlive/2018basic/texmf-dist/tex/latex/base/article.cls
Document Class: article 2014/09/29 v1.4h Standard LaTeX document class
(/usr/local/texlive/2018basic/texmf-dist/tex/latex/base/size12.clo
File: size12.clo 2014/09/29 v1.4h Standard LaTeX file (size option)
)
\c@part=\count80
\c@section=\count81
\c@subsection=\count82
\c@subsubsection=\count83
\c@paragraph=\count84
\c@subparagraph=\count85
\c@figure=\count86
\c@table=\count87
\abovecaptionskip=\skip41
\belowcaptionskip=\skip42
\bibindent=\dimen102
)
(/usr/local/texlive/2018basic/texmf-dist/tex/latex/amsmath/amsmath.sty
Package: amsmath 2017/09/02 v2.17a AMS math features
\@mathmargin=\skip43

For additional information on amsmath, use the `?' option.
(/usr/local/texlive/2018basic/texmf-dist/tex/latex/amsmath/amstext.sty
Package: amstext 2000/06/29 v2.01 AMS text

(/usr/local/texlive/2018basic/texmf-dist/tex/latex/amsmath/amsgen.sty
File: amsgen.sty 1999/11/30 v2.0 generic functions
\@emptytoks=\toks14
\ex@=\dimen103
))
(/usr/local/texlive/2018basic/texmf-dist/tex/latex/amsmath/amsbsy.sty
Package: amsbsy 1999/11/29 v1.2d Bold Symbols
\pmbraise@=\dimen104
)
(/usr/local/texlive/2018basic/texmf-dist/tex/latex/amsmath/amsopn.sty
Package: amsopn 2016/03/08 v2.02 operator names
)
\inf@bad=\count88
LaTeX Info: Redefining \frac on input line 213.
\uproot@=\count89
\leftroot@=\count90
LaTeX Info: Redefining \overline on input line 375.
\classnum@=\count91
\DOTSCASE@=\count92
LaTeX Info: Redefining \ldots on input line 472.
LaTeX Info: Redefining \dots on input line 475.
LaTeX Info: Redefining \cdots on input line 596.
\Mathstrutbox@=\box26
\strutbox@=\box27
\big@size=\dimen105
LaTeX Font Info:    Redeclaring font encoding OML on input line 712.
LaTeX Font Info:    Redeclaring font encoding OMS on input line 713.
\macc@depth=\count93
\c@MaxMatrixCols=\count94
\dotsspace@=\muskip10
\c@parentequation=\count95
\dspbrk@lvl=\count96
\tag@help=\toks15
\row@=\count97
\column@=\count98
\maxfields@=\count99
\andhelp@=\toks16
\eqnshift@=\dimen106
\alignsep@=\dimen107
\tagshift@=\dimen108
\tagwidth@=\dimen109
\totwidth@=\dimen110
\lineht@=\dimen111
\@envbody=\toks17
\multlinegap=\skip44
\multlinetaggap=\skip45
\mathdisplay@stack=\toks18
LaTeX Info: Redefining \[ on input line 2817.
LaTeX Info: Redefining \] on input line 2818.
)
(/usr/local/texlive/2018basic/texmf-dist/tex/latex/amscls/amsthm.sty
Package: amsthm 2017/10/31 v2.20.4
\thm@style=\toks19
\thm@bodyfont=\toks20
\thm@headfont=\toks21
\thm@notefont=\toks22
\thm@headpunct=\toks23
\thm@preskip=\skip46
\thm@postskip=\skip47
\thm@headsep=\skip48
\dth@everypar=\toks24
)
(/usr/local/texlive/2018basic/texmf-dist/tex/latex/base/inputenc.sty
Package: inputenc 2018/04/06 v1.3b Input encoding file
\inpenc@prehook=\toks25
\inpenc@posthook=\toks26
)
(/usr/local/texlive/2018basic/texmf-dist/tex/latex/tools/array.sty
Package: array 2018/04/07 v2.4g Tabular extension package (FMi)
\col@sep=\dimen112
\ar@mcellbox=\box28
\extrarowheight=\dimen113
\NC@list=\toks27
\extratabsurround=\skip49
\backup@length=\skip50
\ar@cellbox=\box29
)
(/usr/local/texlive/2018basic/texmf-dist/tex/latex/graphics/graphicx.sty
Package: graphicx 2017/06/01 v1.1a Enhanced LaTeX Graphics (DPC,SPQR)

(/usr/local/texlive/2018basic/texmf-dist/tex/latex/graphics/keyval.sty
Package: keyval 2014/10/28 v1.15 key=value parser (DPC)
\KV@toks@=\toks28
)
(/usr/local/texlive/2018basic/texmf-dist/tex/latex/graphics/graphics.sty
Package: graphics 2017/06/25 v1.2c Standard LaTeX Graphics (DPC,SPQR)

(/usr/local/texlive/2018basic/texmf-dist/tex/latex/graphics/trig.sty
Package: trig 2016/01/03 v1.10 sin cos tan (DPC)
)
(/usr/local/texlive/2018basic/texmf-dist/tex/latex/graphics-cfg/graphics.cfg
File: graphics.cfg 2016/06/04 v1.11 sample graphics configuration
)
Package graphics Info: Driver file: pdftex.def on input line 99.

(/usr/local/texlive/2018basic/texmf-dist/tex/latex/graphics-def/pdftex.def
File: pdftex.def 2018/01/08 v1.0l Graphics/color driver for pdftex
))
\Gin@req@height=\dimen114
\Gin@req@width=\dimen115
)
(./chicago.sty
Using Chicago Manual of Style bibliography: 31 August 1992
\bibhang=\skip51
\bibindent=\dimen116
) (/usr/local/texlive/2018basic/texmf-dist/tex/latex/booktabs/booktabs.sty
Package: booktabs 2016/04/27 v1.618033 publication quality tables
\heavyrulewidth=\dimen117
\lightrulewidth=\dimen118
\cmidrulewidth=\dimen119
\belowrulesep=\dimen120
\belowbottomsep=\dimen121
\aboverulesep=\dimen122
\abovetopsep=\dimen123
\cmidrulesep=\dimen124
\cmidrulekern=\dimen125
\defaultaddspace=\dimen126
\@cmidla=\count100
\@cmidlb=\count101
\@aboverulesep=\dimen127
\@belowrulesep=\dimen128
\@thisruleclass=\count102
\@lastruleclass=\count103
\@thisrulewidth=\dimen129
)
(/usr/local/texlive/2018basic/texmf-dist/tex/latex/tools/dcolumn.sty
Package: dcolumn 2014/10/28 v1.06 decimal alignment package (DPC)
)
\c@definition=\count104
\c@proposition=\count105
\c@conjecture=\count106
\c@moment=\count107
\c@insight=\count108

(./cattle.aux)
\openout1 = `cattle.aux'.

LaTeX Font Info:    Checking defaults for OML/cmm/m/it on input line 60.
LaTeX Font Info:    ... okay on input line 60.
LaTeX Font Info:    Checking defaults for T1/cmr/m/n on input line 60.
LaTeX Font Info:    ... okay on input line 60.
LaTeX Font Info:    Checking defaults for OT1/cmr/m/n on input line 60.
LaTeX Font Info:    ... okay on input line 60.
LaTeX Font Info:    Checking defaults for OMS/cmsy/m/n on input line 60.
LaTeX Font Info:    ... okay on input line 60.
LaTeX Font Info:    Checking defaults for OMX/cmex/m/n on input line 60.
LaTeX Font Info:    ... okay on input line 60.
LaTeX Font Info:    Checking defaults for U/cmr/m/n on input line 60.
LaTeX Font Info:    ... okay on input line 60.

(/usr/local/texlive/2018basic/texmf-dist/tex/context/base/mkii/supp-pdf.mkii
[Loading MPS to PDF converter (version 2006.09.02).]
\scratchcounter=\count109
\scratchdimen=\dimen130
\scratchbox=\box30
\nofMPsegments=\count110
\nofMParguments=\count111
\everyMPshowfont=\toks29
\MPscratchCnt=\count112
\MPscratchDim=\dimen131
\MPnumerator=\count113
\makeMPintoPDFobject=\count114
\everyMPtoPDFconversion=\toks30
) (/usr/local/texlive/2018basic/texmf-dist/tex/latex/oberdiek/epstopdf-base.sty
Package: epstopdf-base 2016/05/15 v2.6 Base part for package epstopdf
(/usr/local/texlive/2018basic/texmf-dist/tex/generic/oberdiek/infwarerr.sty
Package: infwarerr 2016/05/16 v1.4 Providing info/warning/error messages (HO)
)
(/usr/local/texlive/2018basic/texmf-dist/tex/latex/oberdiek/grfext.sty
Package: grfext 2016/05/16 v1.2 Manage graphics extensions (HO)

(/usr/local/texlive/2018basic/texmf-dist/tex/generic/oberdiek/kvdefinekeys.sty
Package: kvdefinekeys 2016/05/16 v1.4 Define keys (HO)

(/usr/local/texlive/2018basic/texmf-dist/tex/generic/oberdiek/ltxcmds.sty
Package: ltxcmds 2016/05/16 v1.23 LaTeX kernel commands for general use (HO)
)))
(/usr/local/texlive/2018basic/texmf-dist/tex/latex/oberdiek/kvoptions.sty
Package: kvoptions 2016/05/16 v3.12 Key value format for package options (HO)

(/usr/local/texlive/2018basic/texmf-dist/tex/generic/oberdiek/kvsetkeys.sty
Package: kvsetkeys 2016/05/16 v1.17 Key value parser (HO)

(/usr/local/texlive/2018basic/texmf-dist/tex/generic/oberdiek/etexcmds.sty
Package: etexcmds 2016/05/16 v1.6 Avoid name clashes with e-TeX commands (HO)

(/usr/local/texlive/2018basic/texmf-dist/tex/generic/oberdiek/ifluatex.sty
Package: ifluatex 2016/05/16 v1.4 Provides the ifluatex switch (HO)
Package ifluatex Info: LuaTeX not detected.
)
Package etexcmds Info: Could not find \expanded.
(etexcmds)             That can mean that you are not using pdfTeX 1.50 or
(etexcmds)             that some package has redefined \expanded.
(etexcmds)             In the latter case, load this package earlier.
)))
(/usr/local/texlive/2018basic/texmf-dist/tex/generic/oberdiek/pdftexcmds.sty
Package: pdftexcmds 2018/01/30 v0.27 Utility functions of pdfTeX for LuaTeX (HO
)

(/usr/local/texlive/2018basic/texmf-dist/tex/generic/oberdiek/ifpdf.sty
Package: ifpdf 2017/03/15 v3.2 Provides the ifpdf switch
)
Package pdftexcmds Info: LuaTeX not detected.
Package pdftexcmds Info: \pdf@primitive is available.
Package pdftexcmds Info: \pdf@ifprimitive is available.
Package pdftexcmds Info: \pdfdraftmode found.
)
Package epstopdf-base Info: Redefining graphics rule for `.eps' on input line 4
38.
Package grfext Info: Graphics extension search list:
(grfext)             [.pdf,.png,.jpg,.mps,.jpeg,.jbig2,.jb2,.PDF,.PNG,.JPG,.JPE
G,.JBIG2,.JB2,.eps]
(grfext)             \AppendGraphicsExtensions on input line 456.

(/usr/local/texlive/2018basic/texmf-dist/tex/latex/latexconfig/epstopdf-sys.cfg
File: epstopdf-sys.cfg 2010/07/13 v1.3 Configuration of (r)epstopdf for TeX Liv
e
))
LaTeX Font Info:    Try loading font information for OMS+cmr on input line 64.
 (/usr/local/texlive/2018basic/texmf-dist/tex/latex/base/omscmr.fd
File: omscmr.fd 2014/09/29 v2.5h Standard LaTeX font definitions
)
LaTeX Font Info:    Font shape `OMS/cmr/m/n' in size <14.4> not available
(Font)              Font shape `OMS/cmsy/m/n' tried instead on input line 64.
LaTeX Font Info:    Font shape `OMS/cmr/m/n' in size <10> not available
(Font)              Font shape `OMS/cmsy/m/n' tried instead on input line 64.
LaTeX Font Info:    Font shape `OMS/cmr/m/n' in size <7> not available
(Font)              Font shape `OMS/cmsy/m/n' tried instead on input line 64.
 [1

{/usr/local/texlive/2018basic/texmf-var/fonts/map/pdftex/updmap/pdftex.map}] [2
]
[3] [4] [5] [6] [7]
<figures/bid_rent_curves.png, id=41, 803.0pt x 584.1825pt>
File: figures/bid_rent_curves.png Graphic file (type png)
<use figures/bid_rent_curves.png>
Package pdftex.def Info: figures/bid_rent_curves.png  used on input line 231.
(pdftex.def)             Requested size: 321.1943pt x 233.66885pt.


LaTeX Warning: `!h' float specifier changed to `!ht'.

[8] [9 <./figures/bid_rent_curves.png>] [10] [11] [12] [13] [14]

LaTeX Warning: `!h' float specifier changed to `!ht'.

[15]
<figures/sector_location_quotients.png, id=70, 803.0pt x 584.1825pt>
File: figures/sector_location_quotients.png Graphic file (type png)
<use figures/sector_location_quotients.png>
Package pdftex.def Info: figures/sector_location_quotients.png  used on input l
ine 590.
(pdftex.def)             Requested size: 325.215pt x 236.60152pt.
 [16] [17 <./figures/sector_location_quotients.png>] [18] [19]
<figures/city_level_inputs/expenditure_shares.png, id=85, 803.0pt x 584.1825pt>

File: figures/city_level_inputs/expenditure_shares.png Graphic file (type png)
<use figures/city_level_inputs/expenditure_shares.png>
Package pdftex.def Info: figures/city_level_inputs/expenditure_shares.png  used
 on input line 666.
(pdftex.def)             Requested size: 325.215pt x 236.60152pt.
 [20]
[21 <./figures/city_level_inputs/expenditure_shares.png>]
<figures/../../research_designs/city_level_inputs/output/area_model_data.pdf, i
d=96, 397.485pt x 289.08pt>
File: figures/../../research_designs/city_level_inputs/output/area_model_data.p
df Graphic file (type pdf)
<use figures/../../research_designs/city_level_inputs/output/area_model_data.pd
f>
Package pdftex.def Info: figures/../../research_designs/city_level_inputs/outpu
t/area_model_data.pdf  used on input line 708.
(pdftex.def)             Requested size: 325.215pt x 236.52663pt.
 [22 <./figures/../../research_designs/city_level_inputs/output/area_model_data
.pdf>]
(../research_designs/city_level_inputs/output/demand_parameters.tex) [23]
<figures/../../research_designs/city_level_inputs/output/rural_contributions.pd
f, id=113, 397.485pt x 289.08pt>
File: figures/../../research_designs/city_level_inputs/output/rural_contributio
ns.pdf Graphic file (type pdf)
<use figures/../../research_designs/city_level_inputs/output/rural_contribution
s.pdf>
Package pdftex.def Info: figures/../../research_designs/city_level_inputs/outpu
t/rural_contributions.pdf  used on input line 746.
(pdftex.def)             Requested size: 325.215pt x 236.52663pt.
<figures/../../research_designs/city_level_inputs/output/urban_contributions.pd
f, id=114, 397.485pt x 289.08pt>
File: figures/../../research_designs/city_level_inputs/output/urban_contributio
ns.pdf Graphic file (type pdf)
<use figures/../../research_designs/city_level_inputs/output/urban_contribution
s.pdf>
Package pdftex.def Info: figures/../../research_designs/city_level_inputs/outpu
t/urban_contributions.pdf  used on input line 748.
(pdftex.def)             Requested size: 325.215pt x 236.52663pt.

(../research_designs/city_level_inputs/output/counterfactuals.tex)
Overfull \hbox (50.79898pt too wide) in paragraph at lines 3--754
 [] 
 []

[24] [25 <./figures/../../research_designs/city_level_inputs/output/rural_contr
ibutions.pdf>] [26 <./figures/../../research_designs/city_level_inputs/output/u
rban_contributions.pdf>] [27] (./cattle.bbl [28

] [29]) [30] [31

] [32]
(./response.tex [33] [34] [35]) [36] (./cattle.aux) ) 
Here is how much of TeX's memory you used:
 2491 strings out of 494091
 35787 string characters out of 6163524
 103302 words of memory out of 5000000
 6109 multiletter control sequences out of 15000+600000
 12575 words of font info for 45 fonts, out of 8000000 for 9000
 319 hyphenation exceptions out of 8191
 41i,15n,25p,1309b,283s stack positions out of 5000i,500n,10000p,200000b,80000s
</usr/local/texlive/2018ba
sic/texmf-dist/fonts/type1/public/amsfonts/cm/cmbx10.pfb></usr/local/texlive/20
18basic/texmf-dist/fonts/type1/public/amsfonts/cm/cmbx12.pfb></usr/local/texliv
e/2018basic/texmf-dist/fonts/type1/public/amsfonts/cm/cmex10.pfb></usr/local/te
xlive/2018basic/texmf-dist/fonts/type1/public/amsfonts/cmextra/cmex8.pfb></usr/
local/texlive/2018basic/texmf-dist/fonts/type1/public/amsfonts/cm/cmmi10.pfb></
usr/local/texlive/2018basic/texmf-dist/fonts/type1/public/amsfonts/cm/cmmi12.pf
b></usr/local/texlive/2018basic/texmf-dist/fonts/type1/public/amsfonts/cm/cmmi6
.pfb></usr/local/texlive/2018basic/texmf-dist/fonts/type1/public/amsfonts/cm/cm
mi7.pfb></usr/local/texlive/2018basic/texmf-dist/fonts/type1/public/amsfonts/cm
/cmmi8.pfb></usr/local/texlive/2018basic/texmf-dist/fonts/type1/public/amsfonts
/cm/cmr10.pfb></usr/local/texlive/2018basic/texmf-dist/fonts/type1/public/amsfo
nts/cm/cmr12.pfb></usr/local/texlive/2018basic/texmf-dist/fonts/type1/public/am
sfonts/cm/cmr17.pfb></usr/local/texlive/2018basic/texmf-dist/fonts/type1/public
/amsfonts/cm/cmr6.pfb></usr/local/texlive/2018basic/texmf-dist/fonts/type1/publ
ic/amsfonts/cm/cmr7.pfb></usr/local/texlive/2018basic/texmf-dist/fonts/type1/pu
blic/amsfonts/cm/cmr8.pfb></usr/local/texlive/2018basic/texmf-dist/fonts/type1/
public/amsfonts/cm/cmsy10.pfb></usr/local/texlive/2018basic/texmf-dist/fonts/ty
pe1/public/amsfonts/cm/cmsy6.pfb></usr/local/texlive/2018basic/texmf-dist/fonts
/type1/public/amsfonts/cm/cmsy7.pfb></usr/local/texlive/2018basic/texmf-dist/fo
nts/type1/public/amsfonts/cm/cmsy8.pfb></usr/local/texlive/2018basic/texmf-dist
/fonts/type1/public/amsfonts/cm/cmti12.pfb>
Output written on cattle.pdf (36 pages, 567663 bytes).
PDF statistics:
 240 PDF objects out of 1000 (max. 8388607)
 165 compressed objects within 2 object streams
 0 named destinations out of 1000 (max. 500000)
 31 words of extra memory for PDF output out of 10000 (max. 10000000)

